13:55:58.751 [main] [ERROR] com.example.java.was.HttpServer - ERROR Level 테스트
13:55:58.761 [pool-2-thread-1] [ERROR] c.e.j.w.H.RequestProcessorHandler - Address already in use: bind
java.net.BindException: Address already in use: bind
	at java.base/sun.nio.ch.Net.bind0(Native Method)
	at java.base/sun.nio.ch.Net.bind(Net.java:555)
	at java.base/sun.nio.ch.Net.bind(Net.java:544)
	at java.base/sun.nio.ch.NioSocketImpl.bind(NioSocketImpl.java:643)
	at java.base/java.net.ServerSocket.bind(ServerSocket.java:388)
	at java.base/java.net.ServerSocket.<init>(ServerSocket.java:274)
	at java.base/java.net.ServerSocket.<init>(ServerSocket.java:167)
	at com.example.java.was.Handler.RequestProcessorHandler.run(RequestProcessorHandler.java:26)
	at java.base/java.util.concurrent.Executors$RunnableAdapter.call(Executors.java:539)
	at java.base/java.util.concurrent.FutureTask.run(FutureTask.java:264)
	at java.base/java.util.concurrent.ThreadPoolExecutor.runWorker(ThreadPoolExecutor.java:1136)
	at java.base/java.util.concurrent.ThreadPoolExecutor$Worker.run(ThreadPoolExecutor.java:635)
	at java.base/java.lang.Thread.run(Thread.java:833)
13:57:22.929 [main] [ERROR] com.example.java.was.HttpServer - ERROR Level 테스트
14:02:31.131 [pool-3-thread-2] [ERROR] c.e.j.was.util.RequestProcessorUtil - Not Found
14:02:34.354 [pool-3-thread-3] [ERROR] c.e.j.was.util.RequestProcessorUtil - Not Found
14:06:32.087 [pool-3-thread-1] [ERROR] c.e.j.was.util.RequestProcessorUtil - Not Found
14:06:35.886 [pool-3-thread-2] [ERROR] c.e.j.was.util.RequestProcessorUtil - Not Found
14:07:05.314 [pool-3-thread-1] [ERROR] c.e.j.was.util.RequestProcessorUtil - Not Found
14:10:58.003 [pool-3-thread-1] [ERROR] c.e.j.was.util.RequestProcessorUtil - Not Found
14:22:14.791 [pool-3-thread-1] [ERROR] c.e.j.was.util.RequestProcessorUtil - Not Found
